<?xml version="1.0" encoding="UTF-8"?>
<testng-results skipped="0" failed="0" ignored="0" total="1" passed="1">
  <reporter-output>
  </reporter-output>
  <suite name="Default suite" duration-ms="76" started-at="2018-12-22T16:38:39Z" finished-at="2018-12-22T16:38:39Z">
    <groups>
    </groups>
    <test name="Default test" duration-ms="76" started-at="2018-12-22T16:38:39Z" finished-at="2018-12-22T16:38:39Z">
      <class name="com.first.test.loginPage">
        <test-method status="PASS" signature="loginPage()[pri:0, instance:com.first.test.loginPage@4cc0edeb]" name="loginPage" duration-ms="19" started-at="2018-12-22T16:38:39Z" finished-at="2018-12-22T16:38:39Z">
          <reporter-output>
          </reporter-output>
        </test-method> <!-- loginPage -->
      </class> <!-- com.first.test.loginPage -->
    </test> <!-- Default test -->
  </suite> <!-- Default suite -->
</testng-results>
